contrib/check-code.py	1	#!/usr/bin/env python
contrib/check-commit	1	#!/usr/bin/env python
contrib/check-config.py	1	#!/usr/bin/env python
contrib/check-py3-compat.py	1	#!/usr/bin/env python
contrib/debugcmdserver.py	1	#!/usr/bin/env python
contrib/dumprevlog	1	#!/usr/bin/env python
contrib/fixpax.py	1	#!/usr/bin/env python
contrib/hg-ssh	1	#!/usr/bin/env python
contrib/hgperf	1	#!/usr/bin/env python
contrib/hgweb.fcgi	1	#!/usr/bin/env python
contrib/import-checker.py	1	#!/usr/bin/env python
contrib/mercurial.spec	55	sed -i '1c#! /usr/bin/env python' %{pythonname}/Lib/cgi.py
contrib/python-zstandard/setup.py	1	#!/usr/bin/env python
contrib/revsetbenchmarks.py	1	#!/usr/bin/env python
contrib/simplemerge	1	#!/usr/bin/env python
contrib/undumprevlog	1	#!/usr/bin/env python
doc/check-seclevel.py	1	#!/usr/bin/env python
doc/docchecker	1	#!/usr/bin/env python
doc/gendoc.py	1	#!/usr/bin/env python
doc/runrst	1	#!/usr/bin/env python
i18n/check-translation.py	1	#!/usr/bin/env python
i18n/hggettext	1	#!/usr/bin/env python
i18n/posplit	1	#!/usr/bin/env python
mercurial/statprof.py	1	#!/usr/bin/env python
tests/check-perf-code.py	1	#!/usr/bin/env python
tests/dumbhttp.py	1	#!/usr/bin/env python
tests/dummysmtpd.py	1	#!/usr/bin/env python
tests/dummyssh	1	#!/usr/bin/env python
tests/f	1	#!/usr/bin/env python
tests/filterpyflakes.py	1	#!/usr/bin/env python
tests/fsmonitor-run-tests.py	1	#!/usr/bin/env python
tests/get-with-headers.py	1	#!/usr/bin/env python
tests/hghave	1	#!/usr/bin/env python
tests/killdaemons.py	1	#!/usr/bin/env python
tests/md5sum.py	1	#!/usr/bin/env python
tests/printenv.py	1	#!/usr/bin/env python
tests/readlink.py	1	#!/usr/bin/env python
tests/revlog-formatv0.py	1	#!/usr/bin/env python
tests/run-tests.py	1	#!/usr/bin/env python
tests/seq.py	1	#!/usr/bin/env python
tests/svn-safe-append.py	1	#!/usr/bin/env python
tests/test-check-shbang.t	11	In tests, enforce $PYTHON and *not* /usr/bin/env python or similar:
tests/test-filelog.py	1	#!/usr/bin/env python
tests/test-status-inprocess.py	1	#!/usr/bin/env python
tests/tinyproxy.py	1	#!/usr/bin/env python
